TN:
SF:config-management-export.js
FN:3,(anonymous_0)
FN:10,(anonymous_1)
FN:17,(anonymous_2)
FN:27,(anonymous_3)
FNF:4
FNH:3
FNDA:1,(anonymous_0)
FNDA:1,(anonymous_1)
FNDA:1,(anonymous_2)
FNDA:0,(anonymous_3)
DA:2,1
DA:4,1
DA:11,1
DA:12,1
DA:13,1
DA:14,1
DA:18,1
DA:19,1
DA:20,1
DA:21,1
DA:22,1
DA:24,0
DA:28,0
DA:29,0
DA:31,0
DA:32,0
DA:35,0
DA:36,0
DA:37,0
DA:40,0
DA:41,0
DA:42,0
DA:45,0
DA:47,0
DA:51,1
LF:25
LH:12
BRDA:11,0,0,1
BRDA:11,0,1,0
BRDA:18,1,0,1
BRDA:18,1,1,0
BRDA:19,2,0,1
BRDA:19,2,1,0
BRDA:28,3,0,0
BRDA:28,3,1,0
BRDA:31,4,0,0
BRDA:31,4,1,0
BRDA:35,5,0,0
BRDA:35,5,1,0
BRDA:40,6,0,0
BRDA:40,6,1,0
BRF:14
BRH:3
end_of_record
TN:
SF:file-handling-export.js
FN:6,ensureTargetDir
FN:14,generateUniqueFilename
FN:30,applyPathAlias
FN:63,handleFileCopy
FN:98,getSelectedFiles
FNF:5
FNH:4
FNDA:2,ensureTargetDir
FNDA:2,generateUniqueFilename
FNDA:2,applyPathAlias
FNDA:1,handleFileCopy
FNDA:0,getSelectedFiles
DA:1,2
DA:2,2
DA:3,2
DA:7,2
DA:8,2
DA:9,1
DA:15,2
DA:16,2
DA:17,2
DA:18,2
DA:19,2
DA:21,2
DA:22,1
DA:23,1
DA:26,2
DA:31,2
DA:32,2
DA:35,2
DA:38,2
DA:39,2
DA:40,0
DA:44,2
DA:47,2
DA:48,0
DA:49,0
DA:53,2
DA:56,2
DA:57,2
DA:59,2
DA:64,1
DA:65,1
DA:67,1
DA:68,1
DA:69,1
DA:70,1
DA:71,1
DA:73,1
DA:74,1
DA:75,1
DA:77,0
DA:81,1
DA:84,1
DA:86,1
DA:89,0
DA:92,1
DA:93,1
DA:100,0
DA:103,2
LF:48
LH:42
BRDA:8,0,0,1
BRDA:8,0,1,1
BRDA:39,1,0,0
BRDA:39,1,1,2
BRDA:47,2,0,0
BRDA:47,2,1,2
BRDA:48,3,0,0
BRDA:48,3,1,0
BRDA:56,4,0,2
BRDA:56,4,1,0
BRDA:81,5,0,1
BRDA:81,5,1,0
BRDA:84,6,0,1
BRDA:84,6,1,0
BRF:14
BRH:7
end_of_record
TN:
SF:ipc-handlers-export.js
FN:3,(anonymous_0)
FN:9,(anonymous_1)
FN:13,(anonymous_2)
FN:28,(anonymous_3)
FNF:4
FNH:2
FNDA:1,(anonymous_0)
FNDA:1,(anonymous_1)
FNDA:0,(anonymous_2)
FNDA:0,(anonymous_3)
DA:2,1
DA:4,1
DA:5,1
DA:6,1
DA:10,1
DA:14,0
DA:15,0
DA:16,0
DA:17,0
DA:18,0
DA:19,0
DA:21,0
DA:24,0
DA:29,0
DA:30,0
DA:31,0
DA:33,0
DA:37,1
LF:18
LH:6
BRDA:17,0,0,0
BRDA:17,0,1,0
BRDA:24,1,0,0
BRDA:24,1,1,0
BRDA:29,2,0,0
BRDA:29,2,1,0
BRF:6
BRH:0
end_of_record
TN:
SF:process-image-export.js
FN:17,processImage
FNF:1
FNH:1
FNDA:2,processImage
DA:1,1
DA:2,1
DA:5,1
DA:18,2
DA:19,2
DA:20,2
DA:22,2
DA:25,2
DA:27,1
DA:28,1
DA:30,1
DA:31,1
DA:33,0
DA:34,0
DA:36,0
DA:37,0
DA:39,0
DA:40,0
DA:42,0
DA:43,0
DA:46,0
DA:47,0
DA:50,2
DA:53,1
LF:24
LH:14
BRDA:20,0,0,2
BRDA:20,0,1,0
BRDA:25,1,0,1
BRDA:25,1,1,1
BRDA:25,1,2,0
BRDA:25,1,3,0
BRDA:25,1,4,0
BRDA:25,1,5,0
BRDA:25,1,6,0
BRF:9
BRH:3
end_of_record
TN:
SF:simple-store-export.js
FN:12,(anonymous_0)
FN:32,(anonymous_1)
FN:51,(anonymous_2)
FN:66,(anonymous_3)
FN:80,(anonymous_4)
FN:92,(anonymous_5)
FN:105,(anonymous_6)
FN:113,(anonymous_7)
FN:123,(anonymous_8)
FNF:9
FNH:8
FNDA:0,(anonymous_0)
FNDA:7,(anonymous_1)
FNDA:7,(anonymous_2)
FNDA:9,(anonymous_3)
FNDA:8,(anonymous_4)
FNDA:7,(anonymous_5)
FNDA:1,(anonymous_6)
FNDA:1,(anonymous_7)
FNDA:2,(anonymous_8)
DA:1,1
DA:2,1
DA:6,1
DA:7,1
DA:8,1
DA:11,0
DA:13,0
DA:14,0
DA:16,0
DA:33,7
DA:34,7
DA:35,7
DA:36,7
DA:39,7
DA:40,0
DA:44,7
DA:52,7
DA:53,7
DA:54,1
DA:55,1
DA:58,0
DA:60,6
DA:67,9
DA:68,9
DA:70,0
DA:81,8
DA:82,2
DA:84,6
DA:93,7
DA:94,1
DA:96,6
DA:98,7
DA:106,1
DA:107,1
DA:114,1
DA:115,1
DA:124,2
DA:128,1
LF:38
LH:31
BRDA:13,0,0,0
BRDA:13,0,1,0
BRDA:32,1,0,0
BRDA:33,2,0,7
BRDA:33,2,1,0
BRDA:34,3,0,7
BRDA:34,3,1,0
BRDA:34,4,0,0
BRDA:34,4,1,0
BRDA:35,5,0,7
BRDA:35,5,1,0
BRDA:39,6,0,0
BRDA:39,6,1,7
BRDA:53,7,0,1
BRDA:53,7,1,6
BRDA:81,8,0,2
BRDA:81,8,1,6
BRDA:93,9,0,1
BRDA:93,9,1,6
BRF:19
BRH:10
end_of_record
TN:
SF:utils-export.js
FN:5,generateUniqueFilename
FN:21,applyPathAlias
FN:54,ensureTargetDir
FNF:3
FNH:3
FNDA:3,generateUniqueFilename
FNDA:2,applyPathAlias
FNDA:2,ensureTargetDir
DA:1,1
DA:2,1
DA:6,3
DA:7,3
DA:8,3
DA:9,3
DA:10,3
DA:12,3
DA:13,3
DA:14,3
DA:17,3
DA:22,2
DA:23,2
DA:26,2
DA:29,2
DA:30,2
DA:31,1
DA:35,1
DA:38,1
DA:39,0
DA:40,0
DA:44,1
DA:47,1
DA:48,1
DA:50,1
DA:55,2
DA:56,2
DA:57,1
DA:61,1
LF:29
LH:27
BRDA:30,0,0,1
BRDA:30,0,1,1
BRDA:38,1,0,0
BRDA:38,1,1,1
BRDA:39,2,0,0
BRDA:39,2,1,0
BRDA:47,3,0,1
BRDA:47,3,1,0
BRDA:56,4,0,1
BRDA:56,4,1,1
BRF:10
BRH:6
end_of_record
TN:
SF:tests/mocks/electron.mock.js
FN:4,(anonymous_0)
FN:10,(anonymous_1)
FN:21,(anonymous_2)
FN:28,(anonymous_3)
FN:30,(anonymous_4)
FN:33,(anonymous_5)
FN:36,(anonymous_6)
FNF:7
FNH:0
FNDA:0,(anonymous_0)
FNDA:0,(anonymous_1)
FNDA:0,(anonymous_2)
FNDA:0,(anonymous_3)
FNDA:0,(anonymous_4)
FNDA:0,(anonymous_5)
FNDA:0,(anonymous_6)
DA:2,1
DA:5,0
DA:6,0
DA:8,0
DA:10,0
DA:21,0
DA:28,0
DA:30,0
DA:33,0
DA:36,0
DA:51,1
LF:11
LH:2
BRDA:5,0,0,0
BRDA:5,0,1,0
BRF:2
BRH:0
end_of_record
